d:\桌面\大三下\编译原理课设\snlcompilerdesign\debug\vc142.pdb
d:\桌面\大三下\编译原理课设\snlcompilerdesign\debug\vc142.idb
d:\桌面\大三下\编译原理课设\snlcompilerdesign\debug\rddesign.obj
d:\桌面\大三下\编译原理课设\snlcompilerdesign\debug\main.obj
d:\桌面\大三下\编译原理课设\snlcompilerdesign\debug\lldesign.obj
d:\桌面\大三下\编译原理课设\snlcompilerdesign\debug\lexicaldesign.obj
d:\桌面\大三下\编译原理课设\snlcompilerdesign\debug\snlcompilerdesign.exe
d:\桌面\大三下\编译原理课设\snlcompilerdesign\debug\snlcompilerdesign.ilk
d:\桌面\大三下\编译原理课设\snlcompilerdesign\debug\snlcompilerdesign.pdb
d:\桌面\大三下\编译原理课设\snlcompilerdesign\debug\snlcompilerdesign.res
d:\桌面\大三下\编译原理课设\snlcompilerdesign\debug\lldesign.obj.enc
d:\桌面\大三下\编译原理课设\snlcompilerdesign\debug\snlcompi.88ffe6c4.tlog\cl.command.1.tlog
d:\桌面\大三下\编译原理课设\snlcompilerdesign\debug\snlcompi.88ffe6c4.tlog\cl.read.1.tlog
d:\桌面\大三下\编译原理课设\snlcompilerdesign\debug\snlcompi.88ffe6c4.tlog\cl.write.1.tlog
d:\桌面\大三下\编译原理课设\snlcompilerdesign\debug\snlcompi.88ffe6c4.tlog\link.command.1.tlog
d:\桌面\大三下\编译原理课设\snlcompilerdesign\debug\snlcompi.88ffe6c4.tlog\link.read.1.tlog
d:\桌面\大三下\编译原理课设\snlcompilerdesign\debug\snlcompi.88ffe6c4.tlog\link.write.1.tlog
d:\桌面\大三下\编译原理课设\snlcompilerdesign\debug\snlcompi.88ffe6c4.tlog\rc.command.1.tlog
d:\桌面\大三下\编译原理课设\snlcompilerdesign\debug\snlcompi.88ffe6c4.tlog\rc.read.1.tlog
d:\桌面\大三下\编译原理课设\snlcompilerdesign\debug\snlcompi.88ffe6c4.tlog\rc.write.1.tlog
